\BOOKMARK [-1][]{thuchapter.1.-1}{\376\377\127\372\116\216\000X\000X\000X\152\041\127\213\166\204\125\106\124\301\126\376\120\317\150\300\175\042}{}% 1
\BOOKMARK [0][]{section*.2}{\376\377\144\130\211\201}{thuchapter.1.-1}% 2
\BOOKMARK [0][]{section*.4}{\376\377\000A\000b\000s\000t\000r\000a\000c\000t}{thuchapter.1.-1}% 3
\BOOKMARK [0][]{section*.6}{\376\377\166\356\137\125}{thuchapter.1.-1}% 4
\BOOKMARK [0][]{section*.8}{\376\377\143\322\126\376\124\214\226\104\210\150\156\005\123\125}{thuchapter.1.-1}% 5
\BOOKMARK [0][]{section*.10}{\376\377\173\046\123\367\124\214\177\051\165\145\213\355\213\364\146\016}{thuchapter.1.-1}% 6
\BOOKMARK [0][]{chapter.1}{\376\377\173\054\0001\172\340\000\040\116\373\122\241\173\200\116\313}{thuchapter.1.-1}% 7
\BOOKMARK [1][-]{section.1.1}{\376\377\0001\000.\0001\000\040\125\106\124\301\126\376\120\317\150\300\175\042\116\373\122\241\123\312\116\073\155\101\211\343\121\263\145\271\154\325}{chapter.1}% 8
\BOOKMARK [1][-]{section.1.2}{\376\377\0001\000.\0002\000\040\147\072\126\150\133\146\116\140\145\271\154\325\127\050\125\106\124\301\126\376\120\317\150\300\175\042\116\055\166\204\136\224\165\050}{chapter.1}% 9
\BOOKMARK [1][-]{section.1.3}{\376\377\0001\000.\0003\000\040\147\054\145\207\166\204\116\073\211\201\215\041\163\056}{chapter.1}% 10
\BOOKMARK [0][]{chapter.2}{\376\377\173\054\0002\172\340\000\040\116\373\122\241\133\232\116\111}{thuchapter.1.-1}% 11
\BOOKMARK [1][-]{section.2.1}{\376\377\0002\000.\0001\000\040\116\305\122\051\165\050\126\376\120\317\117\341\140\157\133\214\142\020\150\300\175\042}{chapter.2}% 12
\BOOKMARK [1][-]{section.2.2}{\376\377\0002\000.\0002\000\040\116\305\122\051\165\050\145\207\147\054\117\341\140\157\133\214\142\020\150\300\175\042}{chapter.2}% 13
\BOOKMARK [1][-]{section.2.3}{\376\377\0002\000.\0003\000\040\124\014\145\366\122\051\165\050\126\376\120\317\123\312\145\207\147\054\117\341\140\157\133\214\142\020\150\300\175\042}{chapter.2}% 14
\BOOKMARK [0][]{chapter.3}{\376\377\173\054\0003\172\340\000\040\145\160\143\156\145\164\164\006}{thuchapter.1.-1}% 15
\BOOKMARK [1][-]{section.3.1}{\376\377\0003\000.\0001\000\040\145\160\143\156\121\205\133\271}{chapter.3}% 16
\BOOKMARK [1][-]{section.3.2}{\376\377\0003\000.\0002\000\040\145\160\143\156\156\005\155\027\123\312\177\072\131\061\120\074\131\004\164\006}{chapter.3}% 17
\BOOKMARK [1][-]{section.3.3}{\376\377\0003\000.\0003\000\040\145\160\143\156\176\337\213\241\117\341\140\157\123\312\122\006\136\003}{chapter.3}% 18
\BOOKMARK [0][]{chapter.4}{\376\377\173\054\0004\172\340\000\040\145\271\154\325\213\276\213\241}{thuchapter.1.-1}% 19
\BOOKMARK [1][-]{section.4.1}{\376\377\0004\000.\0001\000\040\162\171\137\201\143\320\123\326}{chapter.4}% 20
\BOOKMARK [1][-]{section.4.2}{\376\377\0004\000.\0002\000\040\127\372\170\100\116\373\122\241\123\312\152\041\127\213\153\324\217\203}{chapter.4}% 21
\BOOKMARK [1][-]{section.4.3}{\376\377\0004\000.\0003\000\040\152\041\127\213\123\312\145\271\154\325\142\323\134\125}{chapter.4}% 22
\BOOKMARK [0][]{chapter.5}{\376\377\173\054\0005\172\340\000\040\133\236\232\214\213\276\213\241\123\312\176\323\147\234}{thuchapter.1.-1}% 23
\BOOKMARK [1][-]{section.5.1}{\376\377\0005\000.\0001\000\040\145\160\143\156\226\306\122\022\122\006}{chapter.5}% 24
\BOOKMARK [1][-]{section.5.2}{\376\377\0005\000.\0002\000\040\213\304\116\367\143\007\150\007}{chapter.5}% 25
\BOOKMARK [1][-]{section.5.3}{\376\377\0005\000.\0003\000\040\133\236\232\214\176\323\147\234\123\312\122\006\147\220}{chapter.5}% 26
\BOOKMARK [2][-]{subsection.5.3.1}{\376\377\0005\000.\0003\000.\0001\000\040\155\210\207\215\133\236\232\214}{section.5.3}% 27
\BOOKMARK [2][-]{subsection.5.3.2}{\376\377\0005\000.\0003\000.\0002\000\040\123\357\211\343\221\312\140\047\122\006\147\220}{section.5.3}% 28
\BOOKMARK [2][-]{subsection.5.3.3}{\376\377\0005\000.\0003\000.\0003\000\040\225\031\117\213\122\006\147\220}{section.5.3}% 29
\BOOKMARK [2][-]{subsection.5.3.4}{\376\377\0005\000.\0003\000.\0004\000\040\123\357\211\306\123\026\122\006\147\220}{section.5.3}% 30
\BOOKMARK [0][]{chapter.6}{\376\377\173\054\0006\172\340\000\040\116\343\170\001\213\364\146\016}{thuchapter.1.-1}% 31
\BOOKMARK [1][-]{section.6.1}{\376\377\0006\000.\0001\000\040\145\207\116\366\213\364\146\016}{chapter.6}% 32
\BOOKMARK [1][-]{section.6.2}{\376\377\0006\000.\0002\000\040\217\320\210\114\143\007\116\344}{chapter.6}% 33
\BOOKMARK [0][]{chapter.7}{\376\377\173\054\0007\172\340\000\040\134\017\176\304\142\020\124\130\122\006\135\345\123\312\215\041\163\056}{thuchapter.1.-1}% 34
\BOOKMARK [0][]{chapter.8}{\376\377\173\054\0008\172\340\000\040\176\323\213\272}{thuchapter.1.-1}% 35
\BOOKMARK [0][]{section*.17}{\376\377\123\302\200\003\145\207\163\056}{thuchapter.1.-1}% 36
\BOOKMARK [0][]{appendix.A}{\376\377\226\104\137\125\000\040\000A\000\040\210\145\121\105\121\205\133\271}{thuchapter.1.-1}% 37
\BOOKMARK [1][-]{section.A.1}{\376\377\000A\000.\0001\000\040\126\376\210\150\171\072\117\213}{appendix.A}% 38
\BOOKMARK [2][-]{subsection.A.1.1}{\376\377\000A\000.\0001\000.\0001\000\040\126\376}{section.A.1}% 39
\BOOKMARK [2][-]{subsection.A.1.2}{\376\377\000A\000.\0001\000.\0002\000\040\210\150\150\074}{section.A.1}% 40
\BOOKMARK [1][-]{section.A.2}{\376\377\000A\000.\0002\000\040\145\160\133\146\121\154\137\017}{appendix.A}% 41
